<?xml version="1.0" encoding="UTF-8"?>
<!-- Generated by org.testng.reporters.JUnitXMLReporter -->
<testsuite ignored="0" hostname="LAPTOP-KLU9IMMS" failures="1" tests="4" name="Error Validation Test" time="51.036" errors="0" timestamp="2024-02-07T19:35:11 IST">
  <testcase classname="vinayakshettypractice.tests.ErrorValidationsTest" name="LoginErrorValidation" time="0.793">
    <skipped/>
  </testcase> <!-- LoginErrorValidation -->
  <testcase classname="vinayakshettypractice.tests.ErrorValidationsTest" name="LoginErrorValidation" time="0.695">
    <failure type="java.lang.AssertionError" message="expected [Incorrect email or password.] but found [Incorrect email or password]">
      <![CDATA[java.lang.AssertionError: expected [Incorrect email or password.] but found [Incorrect email or password]
at vinayakshettypractice.tests.ErrorValidationsTest.LoginErrorValidation(ErrorValidationsTest.java:38)
at java.base/java.util.ArrayList.forEach(ArrayList.java:1511)
at java.base/java.util.concurrent.FutureTask.run(FutureTask.java:317)
at java.base/java.util.concurrent.ThreadPoolExecutor.runWorker(ThreadPoolExecutor.java:1144)
at java.base/java.util.concurrent.ThreadPoolExecutor$Worker.run(ThreadPoolExecutor.java:642)
at java.base/java.lang.Thread.run(Thread.java:1589)
... Removed 22 stack frames]]>
    </failure>
  </testcase> <!-- LoginErrorValidation -->
  <testcase classname="vinayakshettypractice.tests.ErrorValidationsTest" name="ProductErrorValidation" time="14.059">
    <skipped/>
  </testcase> <!-- ProductErrorValidation -->
  <testcase classname="vinayakshettypractice.tests.ErrorValidationsTest" name="ProductErrorValidation" time="13.766"/>
</testsuite> <!-- Error Validation Test -->
