<?xml version="1.0" encoding="UTF-8"?>
<!-- Generated by org.testng.reporters.JUnitXMLReporter -->
<testsuite hostname="LAPTOP-KLU9IMMS" failures="0" tests="3" name="Submit Order Test" time="30.17" errors="0" timestamp="7 Feb 2024 16:10:51 GMT">
  <testcase classname="vinayakshettypractice.tests.SubmitOrderTest" name="submitOrder" time="3.031"/>
  <testcase classname="vinayakshettypractice.tests.SubmitOrderTest" name="submitOrder" time="14.224"/>
  <testcase classname="vinayakshettypractice.tests.SubmitOrderTest" name="OrderHistoryTest" time="0.622"/>
</testsuite> <!-- Submit Order Test -->
